<?xml version="1.0" encoding="UTF-8"?>
<testsuite name="ggyuel.ggyuup.GgyuUpApplicationTests" tests="1" skipped="0" failures="0" errors="0" timestamp="2024-09-18T05:50:32" hostname="Jeongs-MacBook-Air.local" time="1.152">
  <properties/>
  <testcase name="CrawlingTest()" classname="ggyuel.ggyuup.GgyuUpApplicationTests" time="1.152"/>
  <system-out><![CDATA[14:50:27.952 [Test worker] INFO org.springframework.test.context.support.AnnotationConfigContextLoaderUtils -- Could not detect default configuration classes for test class [ggyuel.ggyuup.GgyuUpApplicationTests]: GgyuUpApplicationTests does not declare any static, non-private, non-final, nested classes annotated with @Configuration.
14:50:28.101 [Test worker] INFO org.springframework.boot.test.context.SpringBootTestContextBootstrapper -- Found @SpringBootConfiguration ggyuel.ggyuup.GgyuUpApplication for test class ggyuel.ggyuup.GgyuUpApplicationTests

  .   ____          _            __ _ _
 /\\ / ___'_ __ _ _(_)_ __  __ _ \ \ \ \
( ( )\___ | '_ | '_| | '_ \/ _` | \ \ \ \
 \\/  ___)| |_)| | | | | || (_| |  ) ) ) )
  '  |____| .__|_| |_|_| |_\__, | / / / /
 =========|_|==============|___/=/_/_/_/

 :: Spring Boot ::                (v3.3.1)

2024-09-18 14:50:28 [Test worker] ?[31mWARN?[0;39m o.s.b.t.j.DuplicateJsonObjectContextCustomizerFactory$DuplicateJsonObjectContextCustomizer - 

Found multiple occurrences of org.json.JSONObject on the class path:

	jar:file:/Users/jeongsoeun/.gradle/caches/modules-2/files-2.1/org.json/json/20240303/ebb88e8fb5122b7506d5cf1d69f1ccdb790d22a/json-20240303.jar!/org/json/JSONObject.class
	jar:file:/Users/jeongsoeun/.gradle/caches/modules-2/files-2.1/com.vaadin.external.google/android-json/0.0.20131108.vaadin1/fa26d351fe62a6a17f5cda1287c1c6110dec413f/android-json-0.0.20131108.vaadin1.jar!/org/json/JSONObject.class

You may wish to exclude one of them to ensure predictable runtime behavior

2024-09-18 14:50:28 [Test worker] ?[34mINFO?[0;39m g.ggyuup.GgyuUpApplicationTests - Starting GgyuUpApplicationTests using Java 20.0.2.1 with PID 27662 (started by jeongsoeun in /Users/jeongsoeun/Desktop/Life/coding/Project/ggyuup)
2024-09-18 14:50:28 [Test worker] ?[34mINFO?[0;39m g.ggyuup.GgyuUpApplicationTests - No active profile set, falling back to 1 default profile: "default"
2024-09-18 14:50:32 [Test worker] ?[34mINFO?[0;39m o.s.b.a.e.web.EndpointLinksResolver - Exposing 1 endpoint beneath base path '/actuator'
2024-09-18 14:50:32 [Test worker] ?[34mINFO?[0;39m g.ggyuup.GgyuUpApplicationTests - Started GgyuUpApplicationTests in 4.011 seconds (process running for 5.565)
]]></system-out>
  <system-err><![CDATA[]]></system-err>
</testsuite>
